2024-04-26:10:53:29 [INFO    ] [prototype.py:126] {'amp': False,
 'attack': 'badnet',
 'attack_label_trans': 'all2one',
 'attack_target': 0,
 'batch_size': 128,
 'bd_yaml_path': '../config/attack/badnet/default.yaml',
 'client_optimizer': 'sgd',
 'dataset': 'cifar10',
 'dataset_path': '../data/cifar10',
 'device': 'cuda:0',
 'epochs': 20,
 'frequency_save': 0,
 'img_size': (32, 32, 3),
 'input_channel': 3,
 'input_height': 32,
 'input_width': 32,
 'lr': 0.01,
 'lr_scheduler': 'CosineAnnealingLR',
 'model': 'preactresnet18',
 'non_blocking': True,
 'num_classes': 10,
 'num_workers': 4,
 'patch_mask_path': '../resource/badnet/trigger_image.png',
 'pin_memory': True,
 'pratio': 0.1,
 'prefetch': False,
 'random_seed': 0,
 'save_folder_name': 'badnet_0_1',
 'save_path': '../record/badnet_0_1',
 'sgd_momentum': 0.9,
 'terminal_info': ['./attack/badnet.py',
                   '--yaml_path',
                   '../config/attack/prototype/cifar10.yaml',
                   '--patch_mask_path',
                   '../resource/badnet/trigger_image.png',
                   '--save_folder_name',
                   'badnet_0_1'],
 'wd': 0.0005,
 'yaml_path': '../config/attack/prototype/cifar10.yaml'}
2024-04-26:10:53:29 [DEBUG   ] [prototype.py:128] Only INFO or above level log will show in cmd. DEBUG level log only will show in log file.
2024-04-26:10:53:29 [DEBUG   ] [prototype.py:134] Getting git info fails.
2024-04-26:10:53:29 [INFO    ] [badnet.py:73] stage1 start
